<?xml version="1.0" encoding="UTF-8"?>
<testng-results skipped="1" failed="1" total="4" passed="2">
  <reporter-output>
    <line>
      <![CDATA[captureScreen method called]]>
    </line>
    <line>
      <![CDATA[<a href='C:\Users\insind948\Downloads\uiFramework\src\main\resources\screenShots\blank_02_08_2019_04_54.png'><img src='C:\Users\insind948\Downloads\uiFramework\src\main\resources\screenShots\blank_02_08_2019_04_54.png'height='100' width='100'/></a>]]>
    </line>
    <line>
      <![CDATA[captureScreen method called]]>
    </line>
    <line>
      <![CDATA[<a href='C:\Users\insind948\Downloads\uiFramework\src\main\resources\screenShots\testLoginToApplication_02_08_2019_04_54.png'><img src='C:\Users\insind948\Downloads\uiFramework\src\main\resources\screenShots\testLoginToApplication_02_08_2019_04_54.png'height='100' width='100'/></a>]]>
    </line>
    <line>
      <![CDATA[captureScreen method called]]>
    </line>
    <line>
      <![CDATA[<a href='C:\Users\insind948\Downloads\uiFramework\src\main\resources\screenShots\setDefaultDashboardPage_02_08_2019_04_54.png'><img src='C:\Users\insind948\Downloads\uiFramework\src\main\resources\screenShots\setDefaultDashboardPage_02_08_2019_04_54.png'height='100' width='100'/></a>]]>
    </line>
    <line>
      <![CDATA[captureScreen method called]]>
    </line>
  </reporter-output>
  <suite name="Default suite" duration-ms="77758" started-at="2019-08-02T11:24:29Z" finished-at="2019-08-02T11:25:47Z">
    <groups>
    </groups>
    <test name="Default test" duration-ms="77758" started-at="2019-08-02T11:24:29Z" finished-at="2019-08-02T11:25:47Z">
      <class name="com.uiFramework.inszoom.regrationTesting.FormsLoad.FormsRegression">
        <test-method status="PASS" signature="beforeSuite()[pri:0, instance:com.uiFramework.inszoom.regrationTesting.FormsLoad.FormsRegression@3551a94]" name="beforeSuite" is-config="true" duration-ms="351" started-at="2019-08-02T16:54:28Z" finished-at="2019-08-02T16:54:29Z">
          <reporter-output>
          </reporter-output>
        </test-method> <!-- beforeSuite -->
        <test-method status="PASS" signature="beforeTest()[pri:0, instance:com.uiFramework.inszoom.regrationTesting.FormsLoad.FormsRegression@3551a94]" name="beforeTest" is-config="true" duration-ms="5073" started-at="2019-08-02T16:54:29Z" finished-at="2019-08-02T16:54:34Z">
          <reporter-output>
          </reporter-output>
        </test-method> <!-- beforeTest -->
        <test-method status="PASS" signature="beforeMethod(java.lang.reflect.Method)[pri:0, instance:com.uiFramework.inszoom.regrationTesting.FormsLoad.FormsRegression@3551a94]" name="beforeMethod" is-config="true" duration-ms="11" started-at="2019-08-02T16:54:34Z" finished-at="2019-08-02T16:54:34Z">
          <params>
            <param index="0">
              <value>
                <![CDATA[public void com.uiFramework.inszoom.regrationTesting.FormsLoad.FormsRegression.testLoginToApplication() throws java.lang.Exception]]>
              </value>
            </param>
          </params>
          <reporter-output>
          </reporter-output>
        </test-method> <!-- beforeMethod -->
        <test-method status="PASS" signature="testLoginToApplication()[pri:1, instance:com.uiFramework.inszoom.regrationTesting.FormsLoad.FormsRegression@3551a94]" name="testLoginToApplication" duration-ms="7131" started-at="2019-08-02T16:54:34Z" finished-at="2019-08-02T16:54:41Z">
          <reporter-output>
            <line>
              <![CDATA[captureScreen method called]]>
            </line>
            <line>
              <![CDATA[<a href='C:\Users\insind948\Downloads\uiFramework\src\main\resources\screenShots\blank_02_08_2019_04_54.png'><img src='C:\Users\insind948\Downloads\uiFramework\src\main\resources\screenShots\blank_02_08_2019_04_54.png'height='100' width='100'/></a>]]>
            </line>
          </reporter-output>
        </test-method> <!-- testLoginToApplication -->
        <test-method status="PASS" signature="afterMethod(org.testng.ITestResult)[pri:0, instance:com.uiFramework.inszoom.regrationTesting.FormsLoad.FormsRegression@3551a94]" name="afterMethod" is-config="true" duration-ms="10930" started-at="2019-08-02T16:54:41Z" finished-at="2019-08-02T16:54:52Z">
          <params>
            <param index="0">
              <value>
                <![CDATA[[TestResult name=testLoginToApplication status=SUCCESS method=FormsRegression.testLoginToApplication()[pri:1, instance:com.uiFramework.inszoom.regrationTesting.FormsLoad.FormsRegression@3551a94] output=captureScreen method called]]]>
              </value>
            </param>
          </params>
          <reporter-output>
            <line>
              <![CDATA[captureScreen method called]]>
            </line>
            <line>
              <![CDATA[<a href='C:\Users\insind948\Downloads\uiFramework\src\main\resources\screenShots\testLoginToApplication_02_08_2019_04_54.png'><img src='C:\Users\insind948\Downloads\uiFramework\src\main\resources\screenShots\testLoginToApplication_02_08_2019_04_54.png'height='100' width='100'/></a>]]>
            </line>
          </reporter-output>
        </test-method> <!-- afterMethod -->
        <test-method status="PASS" signature="beforeMethod(java.lang.reflect.Method)[pri:0, instance:com.uiFramework.inszoom.regrationTesting.FormsLoad.FormsRegression@3551a94]" name="beforeMethod" is-config="true" duration-ms="1" started-at="2019-08-02T16:54:52Z" finished-at="2019-08-02T16:54:52Z">
          <params>
            <param index="0">
              <value>
                <![CDATA[public void com.uiFramework.inszoom.regrationTesting.FormsLoad.FormsRegression.setDefaultDashboardPage()]]>
              </value>
            </param>
          </params>
          <reporter-output>
          </reporter-output>
        </test-method> <!-- beforeMethod -->
        <test-method status="PASS" signature="setDefaultDashboardPage()[pri:2, instance:com.uiFramework.inszoom.regrationTesting.FormsLoad.FormsRegression@3551a94]" name="setDefaultDashboardPage" duration-ms="2325" started-at="2019-08-02T16:54:52Z" finished-at="2019-08-02T16:54:54Z">
          <reporter-output>
          </reporter-output>
        </test-method> <!-- setDefaultDashboardPage -->
        <test-method status="PASS" signature="afterMethod(org.testng.ITestResult)[pri:0, instance:com.uiFramework.inszoom.regrationTesting.FormsLoad.FormsRegression@3551a94]" name="afterMethod" is-config="true" duration-ms="925" started-at="2019-08-02T16:54:54Z" finished-at="2019-08-02T16:54:55Z">
          <params>
            <param index="0">
              <value>
                <![CDATA[[TestResult name=setDefaultDashboardPage status=SUCCESS method=FormsRegression.setDefaultDashboardPage()[pri:2, instance:com.uiFramework.inszoom.regrationTesting.FormsLoad.FormsRegression@3551a94] output={null}]]]>
              </value>
            </param>
          </params>
          <reporter-output>
            <line>
              <![CDATA[captureScreen method called]]>
            </line>
            <line>
              <![CDATA[<a href='C:\Users\insind948\Downloads\uiFramework\src\main\resources\screenShots\setDefaultDashboardPage_02_08_2019_04_54.png'><img src='C:\Users\insind948\Downloads\uiFramework\src\main\resources\screenShots\setDefaultDashboardPage_02_08_2019_04_54.png'height='100' width='100'/></a>]]>
            </line>
          </reporter-output>
        </test-method> <!-- afterMethod -->
        <test-method status="PASS" signature="beforeMethod(java.lang.reflect.Method)[pri:0, instance:com.uiFramework.inszoom.regrationTesting.FormsLoad.FormsRegression@3551a94]" name="beforeMethod" is-config="true" duration-ms="1" started-at="2019-08-02T16:54:55Z" finished-at="2019-08-02T16:54:55Z">
          <params>
            <param index="0">
              <value>
                <![CDATA[public void com.uiFramework.inszoom.regrationTesting.FormsLoad.FormsRegression.clickOnRecentlyVisitedCaseForm()]]>
              </value>
            </param>
          </params>
          <reporter-output>
          </reporter-output>
        </test-method> <!-- beforeMethod -->
        <test-method status="FAIL" signature="clickOnRecentlyVisitedCaseForm()[pri:3, instance:com.uiFramework.inszoom.regrationTesting.FormsLoad.FormsRegression@3551a94]" name="clickOnRecentlyVisitedCaseForm" duration-ms="51265" started-at="2019-08-02T16:54:55Z" finished-at="2019-08-02T16:55:46Z">
          <exception class="java.lang.NullPointerException">
            <full-stacktrace>
              <![CDATA[java.lang.NullPointerException
	at sun.reflect.NativeMethodAccessorImpl.invoke0(Native Method)
	at sun.reflect.NativeMethodAccessorImpl.invoke(NativeMethodAccessorImpl.java:62)
	at sun.reflect.DelegatingMethodAccessorImpl.invoke(DelegatingMethodAccessorImpl.java:43)
	at java.lang.reflect.Method.invoke(Method.java:498)
	at org.openqa.selenium.support.pagefactory.internal.LocatingElementHandler.invoke(LocatingElementHandler.java:51)
	at com.sun.proxy.$Proxy10.getText(Unknown Source)
	at com.uiFramework.inszoom.regrationTesting.pageObject.formsPage.RecentlyVisitedCaseFormsPage.clickOnFirstForm(RecentlyVisitedCaseFormsPage.java:28)
	at com.uiFramework.inszoom.regrationTesting.pageObject.formsPage.RecentlyVisitedCaseFormsPage.clickOnRecentlyVisitedForm(RecentlyVisitedCaseFormsPage.java:33)
	at com.uiFramework.inszoom.regrationTesting.FormsLoad.FormsRegression.clickOnRecentlyVisitedCaseForm(FormsRegression.java:42)
	at sun.reflect.NativeMethodAccessorImpl.invoke0(Native Method)
	at sun.reflect.NativeMethodAccessorImpl.invoke(NativeMethodAccessorImpl.java:62)
	at sun.reflect.DelegatingMethodAccessorImpl.invoke(DelegatingMethodAccessorImpl.java:43)
	at java.lang.reflect.Method.invoke(Method.java:498)
	at org.testng.internal.MethodInvocationHelper.invokeMethod(MethodInvocationHelper.java:86)
	at org.testng.internal.Invoker.invokeMethod(Invoker.java:645)
	at org.testng.internal.Invoker.invokeTestMethod(Invoker.java:822)
	at org.testng.internal.Invoker.invokeTestMethods(Invoker.java:1130)
	at org.testng.internal.TestMethodWorker.invokeTestMethods(TestMethodWorker.java:129)
	at org.testng.internal.TestMethodWorker.run(TestMethodWorker.java:112)
	at org.testng.TestRunner.privateRun(TestRunner.java:782)
	at org.testng.TestRunner.run(TestRunner.java:632)
	at org.testng.SuiteRunner.runTest(SuiteRunner.java:366)
	at org.testng.SuiteRunner.runSequentially(SuiteRunner.java:361)
	at org.testng.SuiteRunner.privateRun(SuiteRunner.java:319)
	at org.testng.SuiteRunner.run(SuiteRunner.java:268)
	at org.testng.SuiteRunnerWorker.runSuite(SuiteRunnerWorker.java:52)
	at org.testng.SuiteRunnerWorker.run(SuiteRunnerWorker.java:86)
	at org.testng.TestNG.runSuitesSequentially(TestNG.java:1244)
	at org.testng.TestNG.runSuitesLocally(TestNG.java:1169)
	at org.testng.TestNG.run(TestNG.java:1064)
	at org.testng.remote.RemoteTestNG.run(RemoteTestNG.java:113)
	at org.testng.remote.RemoteTestNG.initAndRun(RemoteTestNG.java:206)
	at org.testng.remote.RemoteTestNG.main(RemoteTestNG.java:177)
]]>
            </full-stacktrace>
          </exception> <!-- java.lang.NullPointerException -->
          <reporter-output>
          </reporter-output>
        </test-method> <!-- clickOnRecentlyVisitedCaseForm -->
        <test-method status="FAIL" signature="afterMethod(org.testng.ITestResult)[pri:0, instance:com.uiFramework.inszoom.regrationTesting.FormsLoad.FormsRegression@3551a94]" name="afterMethod" is-config="true" duration-ms="0" started-at="2019-08-02T16:55:46Z" finished-at="2019-08-02T16:55:46Z">
          <params>
            <param index="0">
              <value>
                <![CDATA[[TestResult name=clickOnRecentlyVisitedCaseForm status=FAILURE method=FormsRegression.clickOnRecentlyVisitedCaseForm()[pri:3, instance:com.uiFramework.inszoom.regrationTesting.FormsLoad.FormsRegression@3551a94] output={null}]]]>
              </value>
            </param>
          </params>
          <exception class="org.openqa.selenium.NoSuchWindowException">
            <message>
              <![CDATA[no such window: target window already closed
from unknown error: web view not found
  (Session info: chrome=75.0.3770.142)
  (Driver info: chromedriver=74.0.3729.6 (255758eccf3d244491b8a1317aa76e1ce10d57e9-refs/branch-heads/3729@{#29}),platform=Windows NT 10.0.17134 x86_64) (WARNING: The server did not provide any stacktrace information)
Command duration or timeout: 0 milliseconds
Build info: version: '3.11.0', revision: 'e59cfb3', time: '2018-03-11T20:26:55.152Z'
System info: host: 'INSIND948', ip: '192.168.20.89', os.name: 'Windows 10', os.arch: 'amd64', os.version: '10.0', java.version: '1.8.0_91'
Driver info: org.openqa.selenium.chrome.ChromeDriver
Capabilities {acceptInsecureCerts: true, acceptSslCerts: true, applicationCacheEnabled: false, browserConnectionEnabled: false, browserName: chrome, chrome: {chromedriverVersion: 74.0.3729.6 (255758eccf3d24..., userDataDir: C:\Users\INSIND~1\AppData\L...}, cssSelectorsEnabled: true, databaseEnabled: false, goog:chromeOptions: {debuggerAddress: localhost:50011}, handlesAlerts: true, hasTouchScreen: false, javascriptEnabled: true, locationContextEnabled: true, mobileEmulationEnabled: false, nativeEvents: true, networkConnectionEnabled: false, pageLoadStrategy: normal, platform: XP, platformName: XP, proxy: Proxy(), rotatable: false, setWindowRect: true, strictFileInteractability: false, takesHeapSnapshot: true, takesScreenshot: true, timeouts: {implicit: 0, pageLoad: 300000, script: 30000}, unexpectedAlertBehaviour: ignore, unhandledPromptBehavior: ignore, version: 75.0.3770.142, webStorageEnabled: true}
Session ID: 407104086cc8a2d913d63a3c90dd6087]]>
            </message>
            <full-stacktrace>
              <![CDATA[org.openqa.selenium.NoSuchWindowException: no such window: target window already closed
from unknown error: web view not found
  (Session info: chrome=75.0.3770.142)
  (Driver info: chromedriver=74.0.3729.6 (255758eccf3d244491b8a1317aa76e1ce10d57e9-refs/branch-heads/3729@{#29}),platform=Windows NT 10.0.17134 x86_64) (WARNING: The server did not provide any stacktrace information)
Command duration or timeout: 0 milliseconds
Build info: version: '3.11.0', revision: 'e59cfb3', time: '2018-03-11T20:26:55.152Z'
System info: host: 'INSIND948', ip: '192.168.20.89', os.name: 'Windows 10', os.arch: 'amd64', os.version: '10.0', java.version: '1.8.0_91'
Driver info: org.openqa.selenium.chrome.ChromeDriver
Capabilities {acceptInsecureCerts: true, acceptSslCerts: true, applicationCacheEnabled: false, browserConnectionEnabled: false, browserName: chrome, chrome: {chromedriverVersion: 74.0.3729.6 (255758eccf3d24..., userDataDir: C:\Users\INSIND~1\AppData\L...}, cssSelectorsEnabled: true, databaseEnabled: false, goog:chromeOptions: {debuggerAddress: localhost:50011}, handlesAlerts: true, hasTouchScreen: false, javascriptEnabled: true, locationContextEnabled: true, mobileEmulationEnabled: false, nativeEvents: true, networkConnectionEnabled: false, pageLoadStrategy: normal, platform: XP, platformName: XP, proxy: Proxy(), rotatable: false, setWindowRect: true, strictFileInteractability: false, takesHeapSnapshot: true, takesScreenshot: true, timeouts: {implicit: 0, pageLoad: 300000, script: 30000}, unexpectedAlertBehaviour: ignore, unhandledPromptBehavior: ignore, version: 75.0.3770.142, webStorageEnabled: true}
Session ID: 407104086cc8a2d913d63a3c90dd6087
	at sun.reflect.NativeConstructorAccessorImpl.newInstance0(Native Method)
	at sun.reflect.NativeConstructorAccessorImpl.newInstance(NativeConstructorAccessorImpl.java:62)
	at sun.reflect.DelegatingConstructorAccessorImpl.newInstance(DelegatingConstructorAccessorImpl.java:45)
	at java.lang.reflect.Constructor.newInstance(Constructor.java:423)
	at org.openqa.selenium.remote.ErrorHandler.createThrowable(ErrorHandler.java:214)
	at org.openqa.selenium.remote.ErrorHandler.throwIfResponseFailed(ErrorHandler.java:166)
	at org.openqa.selenium.remote.http.JsonHttpResponseCodec.reconstructValue(JsonHttpResponseCodec.java:40)
	at org.openqa.selenium.remote.http.AbstractHttpResponseCodec.decode(AbstractHttpResponseCodec.java:80)
	at org.openqa.selenium.remote.http.AbstractHttpResponseCodec.decode(AbstractHttpResponseCodec.java:44)
	at org.openqa.selenium.remote.HttpCommandExecutor.execute(HttpCommandExecutor.java:158)
	at org.openqa.selenium.remote.service.DriverCommandExecutor.execute(DriverCommandExecutor.java:83)
	at org.openqa.selenium.remote.RemoteWebDriver.execute(RemoteWebDriver.java:545)
	at org.openqa.selenium.remote.RemoteWebDriver.execute(RemoteWebDriver.java:602)
	at org.openqa.selenium.remote.RemoteWebDriver.getScreenshotAs(RemoteWebDriver.java:291)
	at com.uiFramework.inszoom.regrationTesting.testbase.TestBase.captureScreen(TestBase.java:129)
	at com.uiFramework.inszoom.regrationTesting.testbase.TestBase.afterMethod(TestBase.java:68)
	at sun.reflect.NativeMethodAccessorImpl.invoke0(Native Method)
	at sun.reflect.NativeMethodAccessorImpl.invoke(NativeMethodAccessorImpl.java:62)
	at sun.reflect.DelegatingMethodAccessorImpl.invoke(DelegatingMethodAccessorImpl.java:43)
	at java.lang.reflect.Method.invoke(Method.java:498)
	at org.testng.internal.MethodInvocationHelper.invokeMethod(MethodInvocationHelper.java:86)
	at org.testng.internal.Invoker.invokeConfigurationMethod(Invoker.java:514)
	at org.testng.internal.Invoker.invokeConfigurations(Invoker.java:215)
	at org.testng.internal.Invoker.invokeMethod(Invoker.java:709)
	at org.testng.internal.Invoker.invokeTestMethod(Invoker.java:822)
	at org.testng.internal.Invoker.invokeTestMethods(Invoker.java:1130)
	at org.testng.internal.TestMethodWorker.invokeTestMethods(TestMethodWorker.java:129)
	at org.testng.internal.TestMethodWorker.run(TestMethodWorker.java:112)
	at org.testng.TestRunner.privateRun(TestRunner.java:782)
	at org.testng.TestRunner.run(TestRunner.java:632)
	at org.testng.SuiteRunner.runTest(SuiteRunner.java:366)
	at org.testng.SuiteRunner.runSequentially(SuiteRunner.java:361)
	at org.testng.SuiteRunner.privateRun(SuiteRunner.java:319)
	at org.testng.SuiteRunner.run(SuiteRunner.java:268)
	at org.testng.SuiteRunnerWorker.runSuite(SuiteRunnerWorker.java:52)
	at org.testng.SuiteRunnerWorker.run(SuiteRunnerWorker.java:86)
	at org.testng.TestNG.runSuitesSequentially(TestNG.java:1244)
	at org.testng.TestNG.runSuitesLocally(TestNG.java:1169)
	at org.testng.TestNG.run(TestNG.java:1064)
	at org.testng.remote.RemoteTestNG.run(RemoteTestNG.java:113)
	at org.testng.remote.RemoteTestNG.initAndRun(RemoteTestNG.java:206)
	at org.testng.remote.RemoteTestNG.main(RemoteTestNG.java:177)
]]>
            </full-stacktrace>
          </exception> <!-- org.openqa.selenium.NoSuchWindowException -->
          <reporter-output>
            <line>
              <![CDATA[captureScreen method called]]>
            </line>
          </reporter-output>
        </test-method> <!-- afterMethod -->
        <test-method status="SKIP" signature="beforeMethod(java.lang.reflect.Method)[pri:0, instance:com.uiFramework.inszoom.regrationTesting.FormsLoad.FormsRegression@3551a94]" name="beforeMethod" is-config="true" duration-ms="0" started-at="2019-08-02T16:55:47Z" finished-at="2019-08-02T16:55:47Z">
          <reporter-output>
          </reporter-output>
        </test-method> <!-- beforeMethod -->
        <test-method status="SKIP" signature="ckeckAllFormsFromExcelFile()[pri:4, instance:com.uiFramework.inszoom.regrationTesting.FormsLoad.FormsRegression@3551a94]" name="ckeckAllFormsFromExcelFile" duration-ms="3" started-at="2019-08-02T16:55:47Z" finished-at="2019-08-02T16:55:47Z">
          <reporter-output>
          </reporter-output>
        </test-method> <!-- ckeckAllFormsFromExcelFile -->
        <test-method status="SKIP" signature="afterMethod(org.testng.ITestResult)[pri:0, instance:com.uiFramework.inszoom.regrationTesting.FormsLoad.FormsRegression@3551a94]" name="afterMethod" is-config="true" duration-ms="0" started-at="2019-08-02T16:55:47Z" finished-at="2019-08-02T16:55:47Z">
          <reporter-output>
          </reporter-output>
        </test-method> <!-- afterMethod -->
      </class> <!-- com.uiFramework.inszoom.regrationTesting.FormsLoad.FormsRegression -->
    </test> <!-- Default test -->
  </suite> <!-- Default suite -->
</testng-results>
